<?xml version="1.0" encoding="UTF-8"?>
<!-- Generated by org.testng.reporters.JUnitReportReporter -->
<testsuite hostname="DESKTOP-8J78PJ9" name="com.freecrm.testpages.HomePageTest" tests="4" failures="0" timestamp="30 Apr 2019 23:17:16 GMT" time="47.492" errors="0">
  <testcase name="checkClickingOnContactsLinkTest" time="12.155" classname="com.freecrm.testpages.HomePageTest"/>
  <testcase name="VerifyHomePageTitleTest" time="11.164" classname="com.freecrm.testpages.HomePageTest"/>
  <testcase name="userNameLabelTest" time="11.834" classname="com.freecrm.testpages.HomePageTest"/>
  <testcase name="verifyClickingOnTrialLinkTest" time="12.339" classname="com.freecrm.testpages.HomePageTest"/>
</testsuite> <!-- com.freecrm.testpages.HomePageTest -->
