<?xml version="1.0" encoding="UTF-8"?>
<!-- Generated by org.testng.reporters.JUnitReportReporter -->
<testsuite hostname="DESKTOP-8J78PJ9" name="com.freecrm.testpages.LoginPageTest" tests="2" failures="0" timestamp="6 May 2019 18:14:09 GMT" time="21.031" errors="0">
  <testcase name="loginTest" time="12.402" classname="com.freecrm.testpages.LoginPageTest"/>
  <testcase name="loginPageTitleTest" time="8.629" classname="com.freecrm.testpages.LoginPageTest"/>
</testsuite> <!-- com.freecrm.testpages.LoginPageTest -->
